Using pre-set license

 COMMAND LINE ARGUMENTS:
/Applications/Unity/Hub/Editor/2020.2.1f1/Unity.app/Contents/MacOS/Unity
-adb2
-batchMode
-noUpm
-name
AssetImportWorker0
-projectPath
/Users/amanimalti/Documents/Prototype1 
-logFile
Logs/AssetImportWorker0.log
-srvPort
64923
Successfully changed project path to: /Users/amanimalti/Documents/Prototype1 
/Users/amanimalti/Documents/Prototype1 
Using Asset Import Pipeline V2.
Refreshing native plugins compatible for Editor in 36.74 ms, found 1 plugins.
Preloading 0 native plugins for Editor in 0.00 ms.
Initialize engine version: 2020.2.1f1 (270dd8c3da1c)
[Subsystems] Discovering subsystems at path /Applications/Unity/Hub/Editor/2020.2.1f1/Unity.app/Contents/Resources/UnitySubsystems
[Subsystems] Discovering subsystems at path /Users/amanimalti/Documents/Prototype1 /Assets
GfxDevice: creating device client; threaded=0
2021-02-12 13:14:58.867 Unity[11038:1570277] Color LCD preferred device: Intel Iris Graphics (low power)
2021-02-12 13:14:58.867 Unity[11038:1570277] Metal devices available: 1
2021-02-12 13:14:58.867 Unity[11038:1570277] 0: Intel Iris Graphics (low power)
2021-02-12 13:14:58.869 Unity[11038:1570277] Using device Intel Iris Graphics (low power)
Initializing Metal device caps: Intel Iris Graphics
Initialize mono
Mono path[0] = '/Applications/Unity/Hub/Editor/2020.2.1f1/Unity.app/Contents/Managed'
Mono path[1] = '/Applications/Unity/Hub/Editor/2020.2.1f1/Unity.app/Contents/MonoBleedingEdge/lib/mono/unityjit'
Mono config path = '/Applications/Unity/Hub/Editor/2020.2.1f1/Unity.app/Contents/MonoBleedingEdge/etc'
Using monoOptions --debugger-agent=transport=dt_socket,embedding=1,server=y,suspend=n,address=127.0.0.1:56038
Begin MonoManager ReloadAssembly
Registering precompiled unity dll's ...
Register platform support module: /Applications/Unity/Hub/Editor/2020.2.1f1/Unity.app/Contents/PlaybackEngines/MacStandaloneSupport/UnityEditor.OSXStandalone.Extensions.dll
Registered in 0.002030 seconds.
Native extension for OSXStandalone target not found
Refreshing native plugins compatible for Editor in 55.50 ms, found 1 plugins.
Preloading 0 native plugins for Editor in 0.00 ms.
Invoked RoslynAnalysisRunner static constructor.
RoslynAnalysisRunner will not be running.
RoslynAnalysisRunner has terminated.
Mono: successfully reloaded assembly
- Completed reload, in  5.367 seconds
Platform modules already initialized, skipping
Registering precompiled user dll's ...
Registered in 0.000852 seconds.
Begin MonoManager ReloadAssembly
Native extension for OSXStandalone target not found
Refreshing native plugins compatible for Editor in 0.26 ms, found 1 plugins.
Preloading 0 native plugins for Editor in 0.00 ms.
Invoked RoslynAnalysisRunner static constructor.
RoslynAnalysisRunner will not be running.
RoslynAnalysisRunner has terminated.
Mono: successfully reloaded assembly
- Completed reload, in  2.146 seconds
Platform modules already initialized, skipping
========================================================================
Worker process is ready to serve import requests
Launching external process: /Applications/Unity/Hub/Editor/2020.2.1f1/Unity.app/Contents/Tools/UnityShaderCompiler
Launched and connected shader compiler UnityShaderCompiler after 0.05 seconds
Refreshing native plugins compatible for Editor in 0.23 ms, found 1 plugins.
Preloading 0 native plugins for Editor in 0.00 ms.
Unloading 1096 Unused Serialized files (Serialized files now loaded: 0)
System memory in use before: 108.4 MB.
System memory in use after: 108.4 MB.

Unloading 10 unused Assets to reduce memory usage. Loaded Objects now: 1537.
Total: 3.293583 ms (FindLiveObjects: 0.238148 ms CreateObjectMapping: 0.050103 ms MarkObjects: 2.907629 ms  DeleteObjects: 0.094633 ms)

========================================================================
Received Import Request.
  path: Assets/MouseLook.cs
  artifactKey: Guid(b043603f8c20d42d8a2b04538046ff96) Importer(815301076,1909f56bfc062723c751e8b465ee728b)
Start importing Assets/MouseLook.cs using Guid(b043603f8c20d42d8a2b04538046ff96) Importer(815301076,1909f56bfc062723c751e8b465ee728b)  -> (artifact id: 'f070aa021b34d134785f9dc645d5aec2') in 0.397779 seconds
  Import took 0.402404 seconds .

========================================================================
Received Import Request.
  Time since last request: 39.771515 seconds.
  path: Assets/playerMovement.cs
  artifactKey: Guid(7717004268b9e42ebac1971c29656604) Importer(815301076,1909f56bfc062723c751e8b465ee728b)
Start importing Assets/playerMovement.cs using Guid(7717004268b9e42ebac1971c29656604) Importer(815301076,1909f56bfc062723c751e8b465ee728b)  -> (artifact id: 'e1bd2054e3ff5b4809994143662dab7e') in 0.012996 seconds
  Import took 0.016398 seconds .

========================================================================
Received Prepare
Registering precompiled user dll's ...
Registered in 0.000719 seconds.
Begin MonoManager ReloadAssembly
Native extension for OSXStandalone target not found
Refreshing native plugins compatible for Editor in 0.34 ms, found 1 plugins.
Preloading 0 native plugins for Editor in 0.00 ms.
Invoked RoslynAnalysisRunner static constructor.
RoslynAnalysisRunner will not be running.
RoslynAnalysisRunner has terminated.
Mono: successfully reloaded assembly
- Completed reload, in  2.103 seconds
Platform modules already initialized, skipping
Refreshing native plugins compatible for Editor in 0.23 ms, found 1 plugins.
Preloading 0 native plugins for Editor in 0.00 ms.
Unloading 1091 Unused Serialized files (Serialized files now loaded: 0)
System memory in use before: 113.2 MB.
System memory in use after: 113.3 MB.

Unloading 5 unused Assets to reduce memory usage. Loaded Objects now: 1539.
Total: 2.010214 ms (FindLiveObjects: 0.161241 ms CreateObjectMapping: 0.041909 ms MarkObjects: 1.741857 ms  DeleteObjects: 0.063846 ms)

========================================================================
Received Import Request.
  Time since last request: 37.789866 seconds.
  path: Assets/playerMovement.cs
  artifactKey: Guid(7717004268b9e42ebac1971c29656604) Importer(815301076,1909f56bfc062723c751e8b465ee728b)
Start importing Assets/playerMovement.cs using Guid(7717004268b9e42ebac1971c29656604) Importer(815301076,1909f56bfc062723c751e8b465ee728b)  -> (artifact id: '458fa10c02f2ef9893d9da0ed39523c2') in 0.010386 seconds
  Import took 0.013792 seconds .

========================================================================
Received Import Request.
  Time since last request: 2.345016 seconds.
  path: Assets/playerMovement.cs
  artifactKey: Guid(7717004268b9e42ebac1971c29656604) Importer(815301076,1909f56bfc062723c751e8b465ee728b)
Start importing Assets/playerMovement.cs using Guid(7717004268b9e42ebac1971c29656604) Importer(815301076,1909f56bfc062723c751e8b465ee728b)  -> (artifact id: '458fa10c02f2ef9893d9da0ed39523c2') in 0.008292 seconds
  Import took 0.010741 seconds .

