Using pre-set license

 COMMAND LINE ARGUMENTS:
/Applications/Unity/Hub/Editor/2020.2.1f1/Unity.app/Contents/MacOS/Unity
-adb2
-batchMode
-noUpm
-name
AssetImportWorker0
-projectPath
/Users/amanimalti/Documents/Prototype1
-logFile
Logs/AssetImportWorker0.log
-srvPort
62644
Successfully changed project path to: /Users/amanimalti/Documents/Prototype1
/Users/amanimalti/Documents/Prototype1
Using Asset Import Pipeline V2.
Refreshing native plugins compatible for Editor in 35.21 ms, found 1 plugins.
Preloading 0 native plugins for Editor in 0.00 ms.
Initialize engine version: 2020.2.1f1 (270dd8c3da1c)
[Subsystems] Discovering subsystems at path /Applications/Unity/Hub/Editor/2020.2.1f1/Unity.app/Contents/Resources/UnitySubsystems
[Subsystems] Discovering subsystems at path /Users/amanimalti/Documents/Prototype1/Assets
GfxDevice: creating device client; threaded=0
2021-02-10 14:21:27.742 Unity[8489:1368095] Color LCD preferred device: Intel Iris Graphics (low power)
2021-02-10 14:21:27.742 Unity[8489:1368095] Metal devices available: 1
2021-02-10 14:21:27.742 Unity[8489:1368095] 0: Intel Iris Graphics (low power)
2021-02-10 14:21:27.744 Unity[8489:1368095] Using device Intel Iris Graphics (low power)
Initializing Metal device caps: Intel Iris Graphics
Initialize mono
Mono path[0] = '/Applications/Unity/Hub/Editor/2020.2.1f1/Unity.app/Contents/Managed'
Mono path[1] = '/Applications/Unity/Hub/Editor/2020.2.1f1/Unity.app/Contents/MonoBleedingEdge/lib/mono/unityjit'
Mono config path = '/Applications/Unity/Hub/Editor/2020.2.1f1/Unity.app/Contents/MonoBleedingEdge/etc'
Using monoOptions --debugger-agent=transport=dt_socket,embedding=1,server=y,suspend=n,address=127.0.0.1:56489
Begin MonoManager ReloadAssembly
Registering precompiled unity dll's ...
Register platform support module: /Applications/Unity/Hub/Editor/2020.2.1f1/Unity.app/Contents/PlaybackEngines/MacStandaloneSupport/UnityEditor.OSXStandalone.Extensions.dll
Registered in 0.001598 seconds.
Native extension for OSXStandalone target not found
Refreshing native plugins compatible for Editor in 32.37 ms, found 1 plugins.
Preloading 0 native plugins for Editor in 0.00 ms.
Invoked RoslynAnalysisRunner static constructor.
RoslynAnalysisRunner will not be running.
RoslynAnalysisRunner has terminated.
Mono: successfully reloaded assembly
- Completed reload, in  4.044 seconds
Platform modules already initialized, skipping
Registering precompiled user dll's ...
Registered in 0.000492 seconds.
Begin MonoManager ReloadAssembly
Native extension for OSXStandalone target not found
Refreshing native plugins compatible for Editor in 0.23 ms, found 1 plugins.
Preloading 0 native plugins for Editor in 0.00 ms.
Invoked RoslynAnalysisRunner static constructor.
RoslynAnalysisRunner will not be running.
RoslynAnalysisRunner has terminated.
Mono: successfully reloaded assembly
- Completed reload, in  1.637 seconds
Platform modules already initialized, skipping
========================================================================
Worker process is ready to serve import requests
Launching external process: /Applications/Unity/Hub/Editor/2020.2.1f1/Unity.app/Contents/Tools/UnityShaderCompiler
Launched and connected shader compiler UnityShaderCompiler after 0.03 seconds
Refreshing native plugins compatible for Editor in 0.24 ms, found 1 plugins.
Preloading 0 native plugins for Editor in 0.00 ms.
Unloading 1096 Unused Serialized files (Serialized files now loaded: 0)
System memory in use before: 108.4 MB.
System memory in use after: 108.4 MB.

Unloading 10 unused Assets to reduce memory usage. Loaded Objects now: 1537.
Total: 2.614204 ms (FindLiveObjects: 0.264210 ms CreateObjectMapping: 0.051632 ms MarkObjects: 2.200741 ms  DeleteObjects: 0.095927 ms)

========================================================================
Received Import Request.
  path: Assets/CharacterController.prefab
  artifactKey: Guid(fc09144b4368240d79bff6e3aa786703) Importer(815301076,1909f56bfc062723c751e8b465ee728b)
Start importing Assets/CharacterController.prefab using Guid(fc09144b4368240d79bff6e3aa786703) Importer(815301076,1909f56bfc062723c751e8b465ee728b)  -> (artifact id: 'b2c7c50919b8551f126b5eb47675a3f2') in 0.529575 seconds
  Import took 0.532988 seconds .

========================================================================
Received Prepare
Registering precompiled user dll's ...
Registered in 0.001602 seconds.
Begin MonoManager ReloadAssembly
Native extension for OSXStandalone target not found
Refreshing native plugins compatible for Editor in 0.38 ms, found 1 plugins.
Preloading 0 native plugins for Editor in 0.00 ms.
Invoked RoslynAnalysisRunner static constructor.
RoslynAnalysisRunner will not be running.
RoslynAnalysisRunner has terminated.
Mono: successfully reloaded assembly
- Completed reload, in  1.983 seconds
Platform modules already initialized, skipping
Refreshing native plugins compatible for Editor in 0.38 ms, found 1 plugins.
Preloading 0 native plugins for Editor in 0.00 ms.
Unloading 1091 Unused Serialized files (Serialized files now loaded: 0)
System memory in use before: 116.8 MB.
System memory in use after: 116.8 MB.

Unloading 5 unused Assets to reduce memory usage. Loaded Objects now: 1547.
Total: 2.442351 ms (FindLiveObjects: 0.252239 ms CreateObjectMapping: 0.048152 ms MarkObjects: 2.038950 ms  DeleteObjects: 0.099539 ms)

========================================================================
Received Prepare
Registering precompiled user dll's ...
Registered in 0.022281 seconds.
Begin MonoManager ReloadAssembly
Native extension for OSXStandalone target not found
Refreshing native plugins compatible for Editor in 0.94 ms, found 1 plugins.
Preloading 0 native plugins for Editor in 0.00 ms.
Invoked RoslynAnalysisRunner static constructor.
RoslynAnalysisRunner will not be running.
RoslynAnalysisRunner has terminated.
Mono: successfully reloaded assembly
- Completed reload, in  4.367 seconds
Platform modules already initialized, skipping
Refreshing native plugins compatible for Editor in 0.25 ms, found 1 plugins.
Preloading 0 native plugins for Editor in 0.00 ms.
Unloading 1091 Unused Serialized files (Serialized files now loaded: 0)
System memory in use before: 117.2 MB.
System memory in use after: 117.3 MB.

Unloading 5 unused Assets to reduce memory usage. Loaded Objects now: 1549.
Total: 10.471132 ms (FindLiveObjects: 2.560716 ms CreateObjectMapping: 0.092606 ms MarkObjects: 7.709339 ms  DeleteObjects: 0.105882 ms)

========================================================================
Received Prepare
Registering precompiled user dll's ...
Registered in 0.000743 seconds.
Begin MonoManager ReloadAssembly
Native extension for OSXStandalone target not found
Refreshing native plugins compatible for Editor in 0.39 ms, found 1 plugins.
Preloading 0 native plugins for Editor in 0.00 ms.
Invoked RoslynAnalysisRunner static constructor.
RoslynAnalysisRunner will not be running.
RoslynAnalysisRunner has terminated.
Mono: successfully reloaded assembly
- Completed reload, in  3.120 seconds
Platform modules already initialized, skipping
Refreshing native plugins compatible for Editor in 0.32 ms, found 1 plugins.
Preloading 0 native plugins for Editor in 0.00 ms.
Unloading 1091 Unused Serialized files (Serialized files now loaded: 0)
System memory in use before: 117.6 MB.
System memory in use after: 117.6 MB.

Unloading 5 unused Assets to reduce memory usage. Loaded Objects now: 1551.
Total: 8.094477 ms (FindLiveObjects: 2.821603 ms CreateObjectMapping: 0.414197 ms MarkObjects: 4.687871 ms  DeleteObjects: 0.167075 ms)

========================================================================
Received Import Request.
  Time since last request: 10438.818597 seconds.
  path: Assets/CharacterController.prefab
  artifactKey: Guid(fc09144b4368240d79bff6e3aa786703) Importer(815301076,1909f56bfc062723c751e8b465ee728b)
Start importing Assets/CharacterController.prefab using Guid(fc09144b4368240d79bff6e3aa786703) Importer(815301076,1909f56bfc062723c751e8b465ee728b)  -> (artifact id: 'd5ad5b443bae7366ff7a2be5a9214fcb') in 0.095070 seconds
  Import took 0.099333 seconds .

========================================================================
Received Prepare
Registering precompiled user dll's ...
Registered in 0.003194 seconds.
Begin MonoManager ReloadAssembly
Native extension for OSXStandalone target not found
Refreshing native plugins compatible for Editor in 0.41 ms, found 1 plugins.
Preloading 0 native plugins for Editor in 0.00 ms.
Invoked RoslynAnalysisRunner static constructor.
RoslynAnalysisRunner will not be running.
RoslynAnalysisRunner has terminated.
Mono: successfully reloaded assembly
- Completed reload, in  3.175 seconds
Platform modules already initialized, skipping
Refreshing native plugins compatible for Editor in 0.29 ms, found 1 plugins.
Preloading 0 native plugins for Editor in 0.00 ms.
Unloading 1091 Unused Serialized files (Serialized files now loaded: 0)
System memory in use before: 118.3 MB.
System memory in use after: 118.4 MB.

Unloading 5 unused Assets to reduce memory usage. Loaded Objects now: 1554.
Total: 2.156646 ms (FindLiveObjects: 0.276431 ms CreateObjectMapping: 0.065217 ms MarkObjects: 1.763109 ms  DeleteObjects: 0.050169 ms)

========================================================================
Received Import Request.
  Time since last request: 58.543503 seconds.
  path: Assets/CharacterController.prefab
  artifactKey: Guid(fc09144b4368240d79bff6e3aa786703) Importer(815301076,1909f56bfc062723c751e8b465ee728b)
Start importing Assets/CharacterController.prefab using Guid(fc09144b4368240d79bff6e3aa786703) Importer(815301076,1909f56bfc062723c751e8b465ee728b)  -> (artifact id: '2d120f409d6c0afbf4553b45c6f2ffd6') in 0.151831 seconds
  Import took 0.193080 seconds .

========================================================================
Received Prepare
Registering precompiled user dll's ...
Registered in 0.000917 seconds.
Begin MonoManager ReloadAssembly
Native extension for OSXStandalone target not found
Refreshing native plugins compatible for Editor in 0.24 ms, found 1 plugins.
Preloading 0 native plugins for Editor in 0.00 ms.
Invoked RoslynAnalysisRunner static constructor.
RoslynAnalysisRunner will not be running.
RoslynAnalysisRunner has terminated.
Mono: successfully reloaded assembly
- Completed reload, in  2.857 seconds
Platform modules already initialized, skipping
Refreshing native plugins compatible for Editor in 0.22 ms, found 1 plugins.
Preloading 0 native plugins for Editor in 0.00 ms.
Unloading 1091 Unused Serialized files (Serialized files now loaded: 0)
System memory in use before: 119.0 MB.
System memory in use after: 119.0 MB.

Unloading 5 unused Assets to reduce memory usage. Loaded Objects now: 1557.
Total: 3.604787 ms (FindLiveObjects: 0.237676 ms CreateObjectMapping: 0.045397 ms MarkObjects: 3.209370 ms  DeleteObjects: 0.110082 ms)

========================================================================
Received Import Request.
  Time since last request: 97.837383 seconds.
  path: Assets/CharacterController.prefab
  artifactKey: Guid(fc09144b4368240d79bff6e3aa786703) Importer(815301076,1909f56bfc062723c751e8b465ee728b)
Start importing Assets/CharacterController.prefab using Guid(fc09144b4368240d79bff6e3aa786703) Importer(815301076,1909f56bfc062723c751e8b465ee728b)  -> (artifact id: '9e2d26f20e5155a32ba293c567052d2a') in 0.264650 seconds
  Import took 0.269311 seconds .

========================================================================
Received Import Request.
  Time since last request: 2.212600 seconds.
  path: Assets/CharacterController.prefab
  artifactKey: Guid(fc09144b4368240d79bff6e3aa786703) Importer(815301076,1909f56bfc062723c751e8b465ee728b)
Start importing Assets/CharacterController.prefab using Guid(fc09144b4368240d79bff6e3aa786703) Importer(815301076,1909f56bfc062723c751e8b465ee728b)  -> (artifact id: '9e2d26f20e5155a32ba293c567052d2a') in 0.016315 seconds
  Import took 0.019939 seconds .

========================================================================
Received Prepare
Registering precompiled user dll's ...
Registered in 0.001755 seconds.
Begin MonoManager ReloadAssembly
Native extension for OSXStandalone target not found
Refreshing native plugins compatible for Editor in 0.38 ms, found 1 plugins.
Preloading 0 native plugins for Editor in 0.00 ms.
Invoked RoslynAnalysisRunner static constructor.
RoslynAnalysisRunner will not be running.
RoslynAnalysisRunner has terminated.
Mono: successfully reloaded assembly
- Completed reload, in  2.230 seconds
Platform modules already initialized, skipping
Refreshing native plugins compatible for Editor in 0.22 ms, found 1 plugins.
Preloading 0 native plugins for Editor in 0.00 ms.
Unloading 1091 Unused Serialized files (Serialized files now loaded: 0)
System memory in use before: 119.6 MB.
System memory in use after: 119.7 MB.

Unloading 5 unused Assets to reduce memory usage. Loaded Objects now: 1560.
Total: 2.537772 ms (FindLiveObjects: 0.180872 ms CreateObjectMapping: 0.049386 ms MarkObjects: 2.250316 ms  DeleteObjects: 0.055334 ms)

